# JRE version: Java(TM) SE Runtime Environment (8.0_162-b12) (build 1.8.0_162-b12)
# Java VM: Java HotSpot(TM) 64-Bit Server VM (25.162-b12 mixed mode windows-amd64 compressed oops)
Heap:
 PSYoungGen      total 71680K, used 48643K [0x00000000f5580000, 0x00000000fa080000, 0x0000000100000000)
  eden space 66560K, 71% used [0x00000000f5580000,0x00000000f8430f88,0x00000000f9680000)
  from space 5120K, 16% used [0x00000000f9b80000,0x00000000f9c50000,0x00000000fa080000)
  to   space 5120K, 0% used [0x00000000f9680000,0x00000000f9680000,0x00000000f9b80000)
 ParOldGen       total 87552K, used 37174K [0x00000000e0000000, 0x00000000e5580000, 0x00000000f5580000)
  object space 87552K, 42% used [0x00000000e0000000,0x00000000e244dbf8,0x00000000e5580000)
 Metaspace       used 12314K, capacity 12968K, committed 13184K, reserved 1060864K
  class space    used 1490K, capacity 1642K, committed 1664K, reserved 1048576K
GC Heap History (10 events):
Event: 18.776 GC heap before
{Heap before GC invocations=4 (full 0):
 PSYoungGen      total 71680K, used 71664K [0x00000000f5580000, 0x00000000fa080000, 0x0000000100000000)
  eden space 66560K, 100% used [0x00000000f5580000,0x00000000f9680000,0x00000000f9680000)
  from space 5120K, 99% used [0x00000000f9680000,0x00000000f9b7c010,0x00000000f9b80000)
  to   space 5120K, 0% used [0x00000000f9b80000,0x00000000f9b80000,0x00000000fa080000)
 ParOldGen       total 87552K, used 24451K [0x00000000e0000000, 0x00000000e5580000, 0x00000000f5580000)
  object space 87552K, 27% used [0x00000000e0000000,0x00000000e17e0e30,0x00000000e5580000)
 Metaspace       used 11661K, capacity 12264K, committed 12416K, reserved 1060864K
  class space    used 1412K, capacity 1578K, committed 1664K, reserved 1048576K
Event: 18.871 GC heap after
Heap after GC invocations=4 (full 0):
 PSYoungGen      total 71680K, used 5120K [0x00000000f5580000, 0x00000000fa080000, 0x0000000100000000)
  eden space 66560K, 0% used [0x00000000f5580000,0x00000000f5580000,0x00000000f9680000)
  from space 5120K, 100% used [0x00000000f9b80000,0x00000000fa080000,0x00000000fa080000)
  to   space 5120K, 0% used [0x00000000f9680000,0x00000000f9680000,0x00000000f9b80000)
 ParOldGen       total 87552K, used 30362K [0x00000000e0000000, 0x00000000e5580000, 0x00000000f5580000)
  object space 87552K, 34% used [0x00000000e0000000,0x00000000e1da6b58,0x00000000e5580000)
 Metaspace       used 11661K, capacity 12264K, committed 12416K, reserved 1060864K
  class space    used 1412K, capacity 1578K, committed 1664K, reserved 1048576K
}
Event: 21.428 GC heap before
{Heap before GC invocations=5 (full 0):
 PSYoungGen      total 71680K, used 71680K [0x00000000f5580000, 0x00000000fa080000, 0x0000000100000000)
  eden space 66560K, 100% used [0x00000000f5580000,0x00000000f9680000,0x00000000f9680000)
  from space 5120K, 100% used [0x00000000f9b80000,0x00000000fa080000,0x00000000fa080000)
  to   space 5120K, 0% used [0x00000000f9680000,0x00000000f9680000,0x00000000f9b80000)
 ParOldGen       total 87552K, used 30362K [0x00000000e0000000, 0x00000000e5580000, 0x00000000f5580000)
  object space 87552K, 34% used [0x00000000e0000000,0x00000000e1da6b58,0x00000000e5580000)
 Metaspace       used 11695K, capacity 12328K, committed 12416K, reserved 1060864K
  class space    used 1412K, capacity 1578K, committed 1664K, reserved 1048576K
Event: 21.532 GC heap after
Heap after GC invocations=5 (full 0):
 PSYoungGen      total 71680K, used 5120K [0x00000000f5580000, 0x00000000fa080000, 0x0000000100000000)
  eden space 66560K, 0% used [0x00000000f5580000,0x00000000f5580000,0x00000000f9680000)
  from space 5120K, 100% used [0x00000000f9680000,0x00000000f9b80000,0x00000000f9b80000)
  to   space 5120K, 0% used [0x00000000f9b80000,0x00000000f9b80000,0x00000000fa080000)
 ParOldGen       total 87552K, used 32166K [0x00000000e0000000, 0x00000000e5580000, 0x00000000f5580000)
  object space 87552K, 36% used [0x00000000e0000000,0x00000000e1f69b98,0x00000000e5580000)
 Metaspace       used 11695K, capacity 12328K, committed 12416K, reserved 1060864K
  class space    used 1412K, capacity 1578K, committed 1664K, reserved 1048576K
}
Event: 23.558 GC heap before
{Heap before GC invocations=6 (full 0):
 PSYoungGen      total 71680K, used 71680K [0x00000000f5580000, 0x00000000fa080000, 0x0000000100000000)
  eden space 66560K, 100% used [0x00000000f5580000,0x00000000f9680000,0x00000000f9680000)
  from space 5120K, 100% used [0x00000000f9680000,0x00000000f9b80000,0x00000000f9b80000)
  to   space 5120K, 0% used [0x00000000f9b80000,0x00000000f9b80000,0x00000000fa080000)
 ParOldGen       total 87552K, used 32166K [0x00000000e0000000, 0x00000000e5580000, 0x00000000f5580000)
  object space 87552K, 36% used [0x00000000e0000000,0x00000000e1f69b98,0x00000000e5580000)
 Metaspace       used 11717K, capacity 12328K, committed 12416K, reserved 1060864K
  class space    used 1412K, capacity 1578K, committed 1664K, reserved 1048576K
Event: 23.692 GC heap after
Heap after GC invocations=6 (full 0):
 PSYoungGen      total 71680K, used 5120K [0x00000000f5580000, 0x00000000fa080000, 0x0000000100000000)
  eden space 66560K, 0% used [0x00000000f5580000,0x00000000f5580000,0x00000000f9680000)
  from space 5120K, 100% used [0x00000000f9b80000,0x00000000fa080000,0x00000000fa080000)
  to   space 5120K, 0% used [0x00000000f9680000,0x00000000f9680000,0x00000000f9b80000)
 ParOldGen       total 87552K, used 32694K [0x00000000e0000000, 0x00000000e5580000, 0x00000000f5580000)
  object space 87552K, 37% used [0x00000000e0000000,0x00000000e1fedbb8,0x00000000e5580000)
 Metaspace       used 11717K, capacity 12328K, committed 12416K, reserved 1060864K
  class space    used 1412K, capacity 1578K, committed 1664K, reserved 1048576K
}
Event: 24.638 GC heap before
{Heap before GC invocations=7 (full 0):
 PSYoungGen      total 71680K, used 71680K [0x00000000f5580000, 0x00000000fa080000, 0x0000000100000000)
  eden space 66560K, 100% used [0x00000000f5580000,0x00000000f9680000,0x00000000f9680000)
  from space 5120K, 100% used [0x00000000f9b80000,0x00000000fa080000,0x00000000fa080000)
  to   space 5120K, 0% used [0x00000000f9680000,0x00000000f9680000,0x00000000f9b80000)
 ParOldGen       total 87552K, used 32694K [0x00000000e0000000, 0x00000000e5580000, 0x00000000f5580000)
  object space 87552K, 37% used [0x00000000e0000000,0x00000000e1fedbb8,0x00000000e5580000)
 Metaspace       used 12278K, capacity 12904K, committed 12928K, reserved 1060864K
  class space    used 1485K, capacity 1642K, committed 1664K, reserved 1048576K
Event: 24.838 GC heap after
Heap after GC invocations=7 (full 0):
 PSYoungGen      total 71680K, used 2626K [0x00000000f5580000, 0x00000000fa080000, 0x0000000100000000)
  eden space 66560K, 0% used [0x00000000f5580000,0x00000000f5580000,0x00000000f9680000)
  from space 5120K, 51% used [0x00000000f9680000,0x00000000f9910bc8,0x00000000f9b80000)
  to   space 5120K, 0% used [0x00000000f9b80000,0x00000000f9b80000,0x00000000fa080000)
 ParOldGen       total 87552K, used 35758K [0x00000000e0000000, 0x00000000e5580000, 0x00000000f5580000)
  object space 87552K, 40% used [0x00000000e0000000,0x00000000e22ebbc8,0x00000000e5580000)
 Metaspace       used 12278K, capacity 12904K, committed 12928K, reserved 1060864K
  class space    used 1485K, capacity 1642K, committed 1664K, reserved 1048576K
}
Event: 25.321 GC heap before
{Heap before GC invocations=8 (full 0):
 PSYoungGen      total 71680K, used 69186K [0x00000000f5580000, 0x00000000fa080000, 0x0000000100000000)
  eden space 66560K, 100% used [0x00000000f5580000,0x00000000f9680000,0x00000000f9680000)
  from space 5120K, 51% used [0x00000000f9680000,0x00000000f9910bc8,0x00000000f9b80000)
  to   space 5120K, 0% used [0x00000000f9b80000,0x00000000f9b80000,0x00000000fa080000)
 ParOldGen       total 87552K, used 35758K [0x00000000e0000000, 0x00000000e5580000, 0x00000000f5580000)
  object space 87552K, 40% used [0x00000000e0000000,0x00000000e22ebbc8,0x00000000e5580000)
 Metaspace       used 12300K, capacity 12904K, committed 12928K, reserved 1060864K
  class space    used 1488K, capacity 1642K, committed 1664K, reserved 1048576K
Event: 25.402 GC heap after
Heap after GC invocations=8 (full 0):
 PSYoungGen      total 71680K, used 832K [0x00000000f5580000, 0x00000000fa080000, 0x0000000100000000)
  eden space 66560K, 0% used [0x00000000f5580000,0x00000000f5580000,0x00000000f9680000)
  from space 5120K, 16% used [0x00000000f9b80000,0x00000000f9c50000,0x00000000fa080000)
  to   space 5120K, 0% used [0x00000000f9680000,0x00000000f9680000,0x00000000f9b80000)
 ParOldGen       total 87552K, used 37174K [0x00000000e0000000, 0x00000000e5580000, 0x00000000f5580000)
  object space 87552K, 42% used [0x00000000e0000000,0x00000000e244dbf8,0x00000000e5580000)
 Metaspace       used 12300K, capacity 12904K, committed 12928K, reserved 1060864K
  class space    used 1488K, capacity 1642K, committed 1664K, reserved 1048576K
}

