# JRE version: Java(TM) SE Runtime Environment (8.0_162-b12) (build 1.8.0_162-b12)
# Java VM: Java HotSpot(TM) 64-Bit Server VM (25.162-b12 mixed mode windows-amd64 compressed oops)
Heap:
 PSYoungGen      total 158720K, used 112905K [0x00000000f5580000, 0x0000000100000000, 0x0000000100000000)
  eden space 143872K, 74% used [0x00000000f5580000,0x00000000fbe30490,0x00000000fe200000)
  from space 14848K, 38% used [0x00000000ff180000,0x00000000ff712048,0x0000000100000000)
  to   space 15360K, 0% used [0x00000000fe200000,0x00000000fe200000,0x00000000ff100000)
 ParOldGen       total 87552K, used 25749K [0x00000000e0000000, 0x00000000e5580000, 0x00000000f5580000)
  object space 87552K, 29% used [0x00000000e0000000,0x00000000e19255f8,0x00000000e5580000)
 Metaspace       used 14726K, capacity 15368K, committed 15488K, reserved 1062912K
  class space    used 1749K, capacity 1914K, committed 1920K, reserved 1048576K
GC Heap History (10 events):
Event: 8.316 GC heap before
{Heap before GC invocations=2 (full 0):
 PSYoungGen      total 38400K, used 38378K [0x00000000f5580000, 0x00000000fa080000, 0x0000000100000000)
  eden space 33280K, 100% used [0x00000000f5580000,0x00000000f7600000,0x00000000f7600000)
  from space 5120K, 99% used [0x00000000f7600000,0x00000000f7afaaf8,0x00000000f7b00000)
  to   space 5120K, 0% used [0x00000000f9b80000,0x00000000f9b80000,0x00000000fa080000)
 ParOldGen       total 87552K, used 5785K [0x00000000e0000000, 0x00000000e5580000, 0x00000000f5580000)
  object space 87552K, 6% used [0x00000000e0000000,0x00000000e05a67c0,0x00000000e5580000)
 Metaspace       used 10037K, capacity 10626K, committed 10752K, reserved 1058816K
  class space    used 1254K, capacity 1417K, committed 1536K, reserved 1048576K
Event: 8.466 GC heap after
Heap after GC invocations=2 (full 0):
 PSYoungGen      total 71680K, used 5104K [0x00000000f5580000, 0x00000000fa080000, 0x0000000100000000)
  eden space 66560K, 0% used [0x00000000f5580000,0x00000000f5580000,0x00000000f9680000)
  from space 5120K, 99% used [0x00000000f9b80000,0x00000000fa07c030,0x00000000fa080000)
  to   space 5120K, 0% used [0x00000000f9680000,0x00000000f9680000,0x00000000f9b80000)
 ParOldGen       total 87552K, used 14004K [0x00000000e0000000, 0x00000000e5580000, 0x00000000f5580000)
  object space 87552K, 15% used [0x00000000e0000000,0x00000000e0dad2e0,0x00000000e5580000)
 Metaspace       used 10037K, capacity 10626K, committed 10752K, reserved 1058816K
  class space    used 1254K, capacity 1417K, committed 1536K, reserved 1048576K
}
Event: 15.718 GC heap before
{Heap before GC invocations=3 (full 0):
 PSYoungGen      total 71680K, used 71664K [0x00000000f5580000, 0x00000000fa080000, 0x0000000100000000)
  eden space 66560K, 100% used [0x00000000f5580000,0x00000000f9680000,0x00000000f9680000)
  from space 5120K, 99% used [0x00000000f9b80000,0x00000000fa07c030,0x00000000fa080000)
  to   space 5120K, 0% used [0x00000000f9680000,0x00000000f9680000,0x00000000f9b80000)
 ParOldGen       total 87552K, used 14004K [0x00000000e0000000, 0x00000000e5580000, 0x00000000f5580000)
  object space 87552K, 15% used [0x00000000e0000000,0x00000000e0dad2e0,0x00000000e5580000)
 Metaspace       used 11166K, capacity 11810K, committed 12032K, reserved 1060864K
  class space    used 1362K, capacity 1513K, committed 1536K, reserved 1048576K
Event: 15.835 GC heap after
Heap after GC invocations=3 (full 0):
 PSYoungGen      total 71680K, used 5104K [0x00000000f5580000, 0x00000000fe180000, 0x0000000100000000)
  eden space 66560K, 0% used [0x00000000f5580000,0x00000000f5580000,0x00000000f9680000)
  from space 5120K, 99% used [0x00000000f9680000,0x00000000f9b7c030,0x00000000f9b80000)
  to   space 5120K, 0% used [0x00000000fdc80000,0x00000000fdc80000,0x00000000fe180000)
 ParOldGen       total 87552K, used 20517K [0x00000000e0000000, 0x00000000e5580000, 0x00000000f5580000)
  object space 87552K, 23% used [0x00000000e0000000,0x00000000e1409668,0x00000000e5580000)
 Metaspace       used 11166K, capacity 11810K, committed 12032K, reserved 1060864K
  class space    used 1362K, capacity 1513K, committed 1536K, reserved 1048576K
}
Event: 18.899 GC heap before
{Heap before GC invocations=4 (full 0):
 PSYoungGen      total 71680K, used 71664K [0x00000000f5580000, 0x00000000fe180000, 0x0000000100000000)
  eden space 66560K, 100% used [0x00000000f5580000,0x00000000f9680000,0x00000000f9680000)
  from space 5120K, 99% used [0x00000000f9680000,0x00000000f9b7c030,0x00000000f9b80000)
  to   space 5120K, 0% used [0x00000000fdc80000,0x00000000fdc80000,0x00000000fe180000)
 ParOldGen       total 87552K, used 20517K [0x00000000e0000000, 0x00000000e5580000, 0x00000000f5580000)
  object space 87552K, 23% used [0x00000000e0000000,0x00000000e1409668,0x00000000e5580000)
 Metaspace       used 11677K, capacity 12226K, committed 12416K, reserved 1060864K
  class space    used 1407K, capacity 1545K, committed 1664K, reserved 1048576K
Event: 19.026 GC heap after
Heap after GC invocations=4 (full 0):
 PSYoungGen      total 138240K, used 5088K [0x00000000f5580000, 0x00000000fe180000, 0x0000000100000000)
  eden space 133120K, 0% used [0x00000000f5580000,0x00000000f5580000,0x00000000fd780000)
  from space 5120K, 99% used [0x00000000fdc80000,0x00000000fe178040,0x00000000fe180000)
  to   space 5120K, 0% used [0x00000000fd780000,0x00000000fd780000,0x00000000fdc80000)
 ParOldGen       total 87552K, used 24335K [0x00000000e0000000, 0x00000000e5580000, 0x00000000f5580000)
  object space 87552K, 27% used [0x00000000e0000000,0x00000000e17c3ed8,0x00000000e5580000)
 Metaspace       used 11677K, capacity 12226K, committed 12416K, reserved 1060864K
  class space    used 1407K, capacity 1545K, committed 1664K, reserved 1048576K
}
Event: 23.800 GC heap before
{Heap before GC invocations=5 (full 0):
 PSYoungGen      total 138240K, used 138208K [0x00000000f5580000, 0x00000000fe180000, 0x0000000100000000)
  eden space 133120K, 100% used [0x00000000f5580000,0x00000000fd780000,0x00000000fd780000)
  from space 5120K, 99% used [0x00000000fdc80000,0x00000000fe178040,0x00000000fe180000)
  to   space 5120K, 0% used [0x00000000fd780000,0x00000000fd780000,0x00000000fdc80000)
 ParOldGen       total 87552K, used 24335K [0x00000000e0000000, 0x00000000e5580000, 0x00000000f5580000)
  object space 87552K, 27% used [0x00000000e0000000,0x00000000e17c3ed8,0x00000000e5580000)
 Metaspace       used 12278K, capacity 12898K, committed 12928K, reserved 1060864K
  class space    used 1484K, capacity 1641K, committed 1664K, reserved 1048576K
Event: 23.955 GC heap after
Heap after GC invocations=5 (full 0):
 PSYoungGen      total 138240K, used 5104K [0x00000000f5580000, 0x0000000100000000, 0x0000000100000000)
  eden space 133120K, 0% used [0x00000000f5580000,0x00000000f5580000,0x00000000fd780000)
  from space 5120K, 99% used [0x00000000fd780000,0x00000000fdc7c030,0x00000000fdc80000)
  to   space 14848K, 0% used [0x00000000ff180000,0x00000000ff180000,0x0000000100000000)
 ParOldGen       total 87552K, used 25749K [0x00000000e0000000, 0x00000000e5580000, 0x00000000f5580000)
  object space 87552K, 29% used [0x00000000e0000000,0x00000000e19255f8,0x00000000e5580000)
 Metaspace       used 12278K, capacity 12898K, committed 12928K, reserved 1060864K
  class space    used 1484K, capacity 1641K, committed 1664K, reserved 1048576K
}
Event: 26.915 GC heap before
{Heap before GC invocations=6 (full 0):
 PSYoungGen      total 138240K, used 138224K [0x00000000f5580000, 0x0000000100000000, 0x0000000100000000)
  eden space 133120K, 100% used [0x00000000f5580000,0x00000000fd780000,0x00000000fd780000)
  from space 5120K, 99% used [0x00000000fd780000,0x00000000fdc7c030,0x00000000fdc80000)
  to   space 14848K, 0% used [0x00000000ff180000,0x00000000ff180000,0x0000000100000000)
 ParOldGen       total 87552K, used 25749K [0x00000000e0000000, 0x00000000e5580000, 0x00000000f5580000)
  object space 87552K, 29% used [0x00000000e0000000,0x00000000e19255f8,0x00000000e5580000)
 Metaspace       used 12810K, capacity 13442K, committed 13568K, reserved 1060864K
  class space    used 1561K, capacity 1737K, committed 1792K, reserved 1048576K
Event: 27.226 GC heap after
Heap after GC invocations=6 (full 0):
 PSYoungGen      total 158720K, used 5704K [0x00000000f5580000, 0x0000000100000000, 0x0000000100000000)
  eden space 143872K, 0% used [0x00000000f5580000,0x00000000f5580000,0x00000000fe200000)
  from space 14848K, 38% used [0x00000000ff180000,0x00000000ff712048,0x0000000100000000)
  to   space 15360K, 0% used [0x00000000fe200000,0x00000000fe200000,0x00000000ff100000)
 ParOldGen       total 87552K, used 25749K [0x00000000e0000000, 0x00000000e5580000, 0x00000000f5580000)
  object space 87552K, 29% used [0x00000000e0000000,0x00000000e19255f8,0x00000000e5580000)
 Metaspace       used 12810K, capacity 13442K, committed 13568K, reserved 1060864K
  class space    used 1561K, capacity 1737K, committed 1792K, reserved 1048576K
}

